<?xml version="1.0" encoding="UTF-8"?>
<!-- Generated by org.testng.reporters.JUnitXMLReporter -->
<testsuite hostname="hchatha-pk" ignored="2" tests="1" failures="0" timestamp="2020-05-05T01:32:53 PDT" time="24.607" errors="0">
  <testcase name="doLoginTest" time="4.908" classname="LoginTest"/>
  <testcase name="verifyLoginPageTitleTest" time="0.0" classname="LoginTest">
    <ignored/>
  </testcase> <!-- verifyLoginPageTitleTest -->
  <testcase name="verifyLoginPageHeader" time="0.0" classname="LoginTest">
    <ignored/>
  </testcase> <!-- verifyLoginPageHeader -->
</testsuite>
