<?xml version="1.0" encoding="UTF-8"?>
<!-- Generated by org.testng.reporters.JUnitXMLReporter -->
<testsuite ignored="2" hostname="hchatha-pk" failures="0" tests="1" name="practiceTest on April 21" time="104.962" errors="0" timestamp="2020-04-21T23:52:15 PDT">
  <testcase classname="LoginTest" name="doLoginTest" time="82.206"/>
  <testcase classname="LoginTest" name="verifyLoginPageTitleTest" time="0.0">
    <ignored/>
  </testcase> <!-- verifyLoginPageTitleTest -->
  <testcase classname="LoginTest" name="verifyLoginPageHeader" time="0.0">
    <ignored/>
  </testcase> <!-- verifyLoginPageHeader -->
</testsuite> <!-- practiceTest on April 21 -->
