<?xml version="1.0" encoding="UTF-8"?>
<testng-results skipped="0" failed="0" ignored="2" total="3" passed="1">
  <reporter-output>
  </reporter-output>
  <suite name="testng.xml" duration-ms="24607" started-at="2020-05-05T01:32:28 PDT" finished-at="2020-05-05T01:32:53 PDT">
    <groups>
    </groups>
    <test name="practiceTest on April 21" duration-ms="24607" started-at="2020-05-05T01:32:28 PDT" finished-at="2020-05-05T01:32:53 PDT">
      <class name="LoginTest">
        <test-method status="PASS" signature="setUpTest(java.lang.String)[pri:0, instance:LoginTest@7f13d6e]" name="setUpTest" is-config="true" duration-ms="16652" started-at="2020-05-05T01:32:28 PDT" finished-at="2020-05-05T01:32:45 PDT">
          <params>
            <param index="0">
              <value>
                <![CDATA[firefox]]>
              </value>
            </param>
          </params>
          <reporter-output>
          </reporter-output>
        </test-method> <!-- setUpTest -->
        <test-method status="PASS" signature="doLoginTest()[pri:3, instance:LoginTest@7f13d6e]" name="doLoginTest" duration-ms="4908" started-at="2020-05-05T01:32:45 PDT" finished-at="2020-05-05T01:32:50 PDT">
          <reporter-output>
          </reporter-output>
        </test-method> <!-- doLoginTest -->
        <test-method status="PASS" signature="tearDown()[pri:0, instance:LoginTest@7f13d6e]" name="tearDown" is-config="true" duration-ms="2975" started-at="2020-05-05T01:32:50 PDT" finished-at="2020-05-05T01:32:53 PDT">
          <reporter-output>
          </reporter-output>
        </test-method> <!-- tearDown -->
      </class> <!-- LoginTest -->
    </test> <!-- practiceTest on April 21 -->
  </suite> <!-- testng.xml -->
</testng-results>
